# JRE version: Java(TM) SE Runtime Environment (18.0.1+10) (build 18.0.1+10-24)
# Java VM: Java HotSpot(TM) 64-Bit Server VM (18.0.1+10-24, mixed mode, sharing, tiered, compressed oops, compressed class ptrs, g1 gc, windows-amd64)
GC Precious Log:
 CardTable entry size: 512
 Card Set container configuration: InlinePtr #cards 4 size 8 Array Of Cards #cards 16 size 48 Howl #buckets 8 coarsen threshold 3686 Howl Bitmap #cards 512 size 80 coarsen threshold 460 Card regions per heap region 1 cards per card region 4096
 CPUs: 8 total, 8 available
 Memory: 12218M
 Large Page Support: Disabled
 NUMA Support: Disabled
 Compressed Oops: Enabled (Zero based)
 Heap Region Size: 2M
 Heap Min Capacity: 8M
 Heap Initial Capacity: 192M
 Heap Max Capacity: 3056M
 Pre-touch: Disabled
 Parallel Workers: 8
 Concurrent Workers: 2
 Concurrent Refinement Workers: 8
 Periodic GC: Disabled
Heap:
 garbage-first heap   total 737280K, used 370326K [0x0000000741000000, 0x0000000800000000)
  region size 2048K, 69 young (141312K), 4 survivors (8192K)
 Metaspace       used 8044K, committed 8256K, reserved 1114112K
  class space    used 777K, committed 896K, reserved 1048576K
GC Heap History (20 events):
Event: 1.504 GC heap before
{Heap before GC invocations=14 (full 0):
 garbage-first heap   total 256000K, used 154665K [0x0000000741000000, 0x0000000800000000)
  region size 2048K, 9 young (18432K), 2 survivors (4096K)
 Metaspace       used 6452K, committed 6656K, reserved 1114112K
  class space    used 672K, committed 768K, reserved 1048576K
}
Event: 1.507 GC heap after
{Heap after GC invocations=15 (full 0):
 garbage-first heap   total 256000K, used 142268K [0x0000000741000000, 0x0000000800000000)
  region size 2048K, 2 young (4096K), 2 survivors (4096K)
 Metaspace       used 6452K, committed 6656K, reserved 1114112K
  class space    used 672K, committed 768K, reserved 1048576K
}
Event: 1.520 GC heap before
{Heap before GC invocations=16 (full 0):
 garbage-first heap   total 256000K, used 152508K [0x0000000741000000, 0x0000000800000000)
  region size 2048K, 4 young (8192K), 2 survivors (4096K)
 Metaspace       used 6463K, committed 6656K, reserved 1114112K
  class space    used 673K, committed 768K, reserved 1048576K
}
Event: 1.523 GC heap after
{Heap after GC invocations=17 (full 0):
 garbage-first heap   total 256000K, used 150460K [0x0000000741000000, 0x0000000800000000)
  region size 2048K, 2 young (4096K), 2 survivors (4096K)
 Metaspace       used 6463K, committed 6656K, reserved 1114112K
  class space    used 673K, committed 768K, reserved 1048576K
}
Event: 1.566 GC heap before
{Heap before GC invocations=18 (full 0):
 garbage-first heap   total 270336K, used 168892K [0x0000000741000000, 0x0000000800000000)
  region size 2048K, 8 young (16384K), 2 survivors (4096K)
 Metaspace       used 6696K, committed 6912K, reserved 1114112K
  class space    used 699K, committed 832K, reserved 1048576K
}
Event: 1.568 GC heap after
{Heap after GC invocations=19 (full 0):
 garbage-first heap   total 270336K, used 158726K [0x0000000741000000, 0x0000000800000000)
  region size 2048K, 2 young (4096K), 2 survivors (4096K)
 Metaspace       used 6696K, committed 6912K, reserved 1114112K
  class space    used 699K, committed 832K, reserved 1048576K
}
Event: 1.580 GC heap before
{Heap before GC invocations=20 (full 0):
 garbage-first heap   total 284672K, used 168966K [0x0000000741000000, 0x0000000800000000)
  region size 2048K, 4 young (8192K), 2 survivors (4096K)
 Metaspace       used 6707K, committed 6912K, reserved 1114112K
  class space    used 700K, committed 832K, reserved 1048576K
}
Event: 1.583 GC heap after
{Heap after GC invocations=21 (full 0):
 garbage-first heap   total 284672K, used 167194K [0x0000000741000000, 0x0000000800000000)
  region size 2048K, 2 young (4096K), 2 survivors (4096K)
 Metaspace       used 6707K, committed 6912K, reserved 1114112K
  class space    used 700K, committed 832K, reserved 1048576K
}
Event: 1.628 GC heap before
{Heap before GC invocations=22 (full 0):
 garbage-first heap   total 296960K, used 185626K [0x0000000741000000, 0x0000000800000000)
  region size 2048K, 8 young (16384K), 2 survivors (4096K)
 Metaspace       used 6748K, committed 6976K, reserved 1114112K
  class space    used 707K, committed 832K, reserved 1048576K
}
Event: 1.631 GC heap after
{Heap after GC invocations=23 (full 0):
 garbage-first heap   total 296960K, used 175269K [0x0000000741000000, 0x0000000800000000)
  region size 2048K, 2 young (4096K), 2 survivors (4096K)
 Metaspace       used 6748K, committed 6976K, reserved 1114112K
  class space    used 707K, committed 832K, reserved 1048576K
}
Event: 1.647 GC heap before
{Heap before GC invocations=24 (full 0):
 garbage-first heap   total 311296K, used 185509K [0x0000000741000000, 0x0000000800000000)
  region size 2048K, 4 young (8192K), 2 survivors (4096K)
 Metaspace       used 6748K, committed 6976K, reserved 1114112K
  class space    used 707K, committed 832K, reserved 1048576K
}
Event: 1.649 GC heap after
{Heap after GC invocations=25 (full 0):
 garbage-first heap   total 311296K, used 183401K [0x0000000741000000, 0x0000000800000000)
  region size 2048K, 2 young (4096K), 2 survivors (4096K)
 Metaspace       used 6748K, committed 6976K, reserved 1114112K
  class space    used 707K, committed 832K, reserved 1048576K
}
Event: 1.688 GC heap before
{Heap before GC invocations=26 (full 0):
 garbage-first heap   total 325632K, used 201833K [0x0000000741000000, 0x0000000800000000)
  region size 2048K, 8 young (16384K), 2 survivors (4096K)
 Metaspace       used 6985K, committed 7168K, reserved 1114112K
  class space    used 732K, committed 832K, reserved 1048576K
}
Event: 1.692 GC heap after
{Heap after GC invocations=27 (full 0):
 garbage-first heap   total 325632K, used 191543K [0x0000000741000000, 0x0000000800000000)
  region size 2048K, 2 young (4096K), 2 survivors (4096K)
 Metaspace       used 6985K, committed 7168K, reserved 1114112K
  class space    used 732K, committed 832K, reserved 1048576K
}
Event: 1.701 GC heap before
{Heap before GC invocations=28 (full 0):
 garbage-first heap   total 337920K, used 199735K [0x0000000741000000, 0x0000000800000000)
  region size 2048K, 3 young (6144K), 2 survivors (4096K)
 Metaspace       used 6986K, committed 7168K, reserved 1114112K
  class space    used 732K, committed 832K, reserved 1048576K
}
Event: 1.705 GC heap after
{Heap after GC invocations=29 (full 0):
 garbage-first heap   total 337920K, used 200000K [0x0000000741000000, 0x0000000800000000)
  region size 2048K, 1 young (2048K), 1 survivors (2048K)
 Metaspace       used 6986K, committed 7168K, reserved 1114112K
  class space    used 732K, committed 832K, reserved 1048576K
}
Event: 1.750 GC heap before
{Heap before GC invocations=30 (full 0):
 garbage-first heap   total 356352K, used 218432K [0x0000000741000000, 0x0000000800000000)
  region size 2048K, 7 young (14336K), 1 survivors (2048K)
 Metaspace       used 6988K, committed 7168K, reserved 1114112K
  class space    used 732K, committed 832K, reserved 1048576K
}
Event: 1.751 GC heap after
{Heap after GC invocations=31 (full 0):
 garbage-first heap   total 356352K, used 208203K [0x0000000741000000, 0x0000000800000000)
  region size 2048K, 1 young (2048K), 1 survivors (2048K)
 Metaspace       used 6988K, committed 7168K, reserved 1114112K
  class space    used 732K, committed 832K, reserved 1048576K
}
Event: 1.775 GC heap before
{Heap before GC invocations=32 (full 0):
 garbage-first heap   total 368640K, used 218443K [0x0000000741000000, 0x0000000800000000)
  region size 2048K, 4 young (8192K), 1 survivors (2048K)
 Metaspace       used 6990K, committed 7168K, reserved 1114112K
  class space    used 732K, committed 832K, reserved 1048576K
}
Event: 1.778 GC heap after
{Heap after GC invocations=33 (full 0):
 garbage-first heap   total 737280K, used 222870K [0x0000000741000000, 0x0000000800000000)
  region size 2048K, 4 young (8192K), 4 survivors (8192K)
 Metaspace       used 6990K, committed 7168K, reserved 1114112K
  class space    used 732K, committed 832K, reserved 1048576K
}

